[debug] [2017-12-18T02:56:59.519Z] ----------------------------------------------------------------------
[debug] [2017-12-18T02:56:59.521Z] Command:       /opt/nvm/versions/node/v8.6.0/bin/node /opt/nvm/versions/node/v8.6.0/bin/firebase deploy
[debug] [2017-12-18T02:56:59.521Z] CLI Version:   3.16.0
[debug] [2017-12-18T02:56:59.521Z] Platform:      linux
[debug] [2017-12-18T02:56:59.521Z] Node Version:  v8.6.0
[debug] [2017-12-18T02:56:59.521Z] Time:          Mon Dec 18 2017 13:56:59 GMT+1100 (+11)
[debug] [2017-12-18T02:56:59.521Z] ----------------------------------------------------------------------
[debug] 
[debug] [2017-12-18T02:56:59.536Z] > command requires scopes: ["email","openid","https://www.googleapis.com/auth/cloudplatformprojects.readonly","https://www.googleapis.com/auth/firebase","https://www.googleapis.com/auth/cloud-platform"]
[debug] [2017-12-18T02:56:59.539Z] > authorizing via signed-in user
[debug] [2017-12-18T02:56:59.540Z] >>> HTTP REQUEST GET https://admin.firebase.com/v1/projects/bitfinex-portfolio  
  
 Mon Dec 18 2017 13:56:59 GMT+1100 (+11)
[debug] [2017-12-18T02:57:00.506Z] <<< HTTP RESPONSE 200
[debug] [2017-12-18T02:57:00.507Z] >>> HTTP REQUEST GET https://admin.firebase.com/v1/database/bitfinex-portfolio/tokens  
  
 Mon Dec 18 2017 13:57:00 GMT+1100 (+11)
[debug] [2017-12-18T02:57:01.564Z] <<< HTTP RESPONSE 200
[debug] [2017-12-18T02:57:33.153Z] ----------------------------------------------------------------------
[debug] [2017-12-18T02:57:33.155Z] Command:       /opt/nvm/versions/node/v8.6.0/bin/node /opt/nvm/versions/node/v8.6.0/bin/firebase list
[debug] [2017-12-18T02:57:33.155Z] CLI Version:   3.16.0
[debug] [2017-12-18T02:57:33.155Z] Platform:      linux
[debug] [2017-12-18T02:57:33.155Z] Node Version:  v8.6.0
[debug] [2017-12-18T02:57:33.155Z] Time:          Mon Dec 18 2017 13:57:33 GMT+1100 (+11)
[debug] [2017-12-18T02:57:33.155Z] ----------------------------------------------------------------------
[debug] 
[debug] [2017-12-18T02:57:33.163Z] > command requires scopes: ["email","openid","https://www.googleapis.com/auth/cloudplatformprojects.readonly","https://www.googleapis.com/auth/firebase"]
[debug] [2017-12-18T02:57:33.163Z] > authorizing via signed-in user
[debug] [2017-12-18T02:57:33.164Z] > refreshing access token with scopes: ["email","https://www.googleapis.com/auth/cloudplatformprojects.readonly","https://www.googleapis.com/auth/firebase","openid"]
[debug] [2017-12-18T02:57:33.164Z] >>> HTTP REQUEST POST https://www.googleapis.com/oauth2/v3/token  
 { refresh_token: '1/Vz3MwJm5NyYfWD1yvF4Wk-LGkhQ_dQ0WF-OInG46Abc',
  client_id: '563584335869-fgrhgmd47bqnekij5i8b5pr03ho849e6.apps.googleusercontent.com',
  client_secret: 'j9iVZfS8kkCEFUPaAeJV0sAi',
  grant_type: 'refresh_token',
  scope: 'email https://www.googleapis.com/auth/cloudplatformprojects.readonly https://www.googleapis.com/auth/firebase openid' } 
 Mon Dec 18 2017 13:57:33 GMT+1100 (+11)
[debug] [2017-12-18T02:57:33.614Z] <<< HTTP RESPONSE 200
[debug] [2017-12-18T02:57:33.617Z] >>> HTTP REQUEST GET https://admin.firebase.com/v1/projects  
  
 Mon Dec 18 2017 13:57:33 GMT+1100 (+11)
[debug] [2017-12-18T02:58:19.825Z] ----------------------------------------------------------------------
[debug] [2017-12-18T02:58:19.826Z] Command:       /opt/nvm/versions/node/v8.6.0/bin/node /opt/nvm/versions/node/v8.6.0/bin/firebase deploy
[debug] [2017-12-18T02:58:19.827Z] CLI Version:   3.16.0
[debug] [2017-12-18T02:58:19.827Z] Platform:      linux
[debug] [2017-12-18T02:58:19.827Z] Node Version:  v8.6.0
[debug] [2017-12-18T02:58:19.827Z] Time:          Mon Dec 18 2017 13:58:19 GMT+1100 (+11)
[debug] [2017-12-18T02:58:19.827Z] ----------------------------------------------------------------------
[debug] 
[debug] [2017-12-18T02:58:19.835Z] > command requires scopes: ["email","openid","https://www.googleapis.com/auth/cloudplatformprojects.readonly","https://www.googleapis.com/auth/firebase","https://www.googleapis.com/auth/cloud-platform"]
[debug] [2017-12-18T02:58:19.835Z] > authorizing via signed-in user
[debug] [2017-12-18T02:58:19.837Z] > refreshing access token with scopes: ["email","https://www.googleapis.com/auth/cloud-platform","https://www.googleapis.com/auth/cloudplatformprojects.readonly","https://www.googleapis.com/auth/firebase","openid"]
[debug] [2017-12-18T02:58:19.837Z] >>> HTTP REQUEST POST https://www.googleapis.com/oauth2/v3/token  
 { refresh_token: '1/Vz3MwJm5NyYfWD1yvF4Wk-LGkhQ_dQ0WF-OInG46Abc',
  client_id: '563584335869-fgrhgmd47bqnekij5i8b5pr03ho849e6.apps.googleusercontent.com',
  client_secret: 'j9iVZfS8kkCEFUPaAeJV0sAi',
  grant_type: 'refresh_token',
  scope: 'email https://www.googleapis.com/auth/cloud-platform https://www.googleapis.com/auth/cloudplatformprojects.readonly https://www.googleapis.com/auth/firebase openid' } 
 Mon Dec 18 2017 13:58:19 GMT+1100 (+11)
[debug] [2017-12-18T02:58:20.256Z] <<< HTTP RESPONSE 200
[debug] [2017-12-18T02:58:20.259Z] >>> HTTP REQUEST GET https://admin.firebase.com/v1/projects/bitfinex-portfolio  
  
 Mon Dec 18 2017 13:58:20 GMT+1100 (+11)
[debug] [2017-12-18T02:58:21.534Z] <<< HTTP RESPONSE 200
[debug] [2017-12-18T02:58:21.535Z] >>> HTTP REQUEST GET https://admin.firebase.com/v1/database/bitfinex-portfolio/tokens  
  
 Mon Dec 18 2017 13:58:21 GMT+1100 (+11)
[debug] [2017-12-18T02:58:24.674Z] ----------------------------------------------------------------------
[debug] [2017-12-18T02:58:24.677Z] Command:       /opt/nvm/versions/node/v8.6.0/bin/node /opt/nvm/versions/node/v8.6.0/bin/firebase deploy --debug
[debug] [2017-12-18T02:58:24.677Z] CLI Version:   3.16.0
[debug] [2017-12-18T02:58:24.677Z] Platform:      linux
[debug] [2017-12-18T02:58:24.678Z] Node Version:  v8.6.0
[debug] [2017-12-18T02:58:24.678Z] Time:          Mon Dec 18 2017 13:58:24 GMT+1100 (+11)
[debug] [2017-12-18T02:58:24.678Z] ----------------------------------------------------------------------
[debug] 
[debug] [2017-12-18T02:58:24.686Z] > command requires scopes: ["email","openid","https://www.googleapis.com/auth/cloudplatformprojects.readonly","https://www.googleapis.com/auth/firebase","https://www.googleapis.com/auth/cloud-platform"]
[debug] [2017-12-18T02:58:24.686Z] > authorizing via signed-in user
[debug] [2017-12-18T02:58:24.688Z] >>> HTTP REQUEST GET https://admin.firebase.com/v1/projects/bitfinex-portfolio  
  
 Mon Dec 18 2017 13:58:24 GMT+1100 (+11)
[debug] [2017-12-18T02:58:26.916Z] <<< HTTP RESPONSE 200
[debug] [2017-12-18T02:58:26.917Z] >>> HTTP REQUEST GET https://admin.firebase.com/v1/database/bitfinex-portfolio/tokens  
  
 Mon Dec 18 2017 13:58:26 GMT+1100 (+11)
[debug] [2017-12-18T02:58:28.721Z] <<< HTTP RESPONSE 200
[debug] [2017-12-18T04:07:29.579Z] ----------------------------------------------------------------------
[debug] [2017-12-18T04:07:29.580Z] Command:       /opt/nvm/versions/node/v8.6.0/bin/node /opt/nvm/versions/node/v8.6.0/bin/firebase deploy
[debug] [2017-12-18T04:07:29.581Z] CLI Version:   3.16.0
[debug] [2017-12-18T04:07:29.581Z] Platform:      linux
[debug] [2017-12-18T04:07:29.581Z] Node Version:  v8.6.0
[debug] [2017-12-18T04:07:29.581Z] Time:          Mon Dec 18 2017 15:07:29 GMT+1100 (+11)
[debug] [2017-12-18T04:07:29.581Z] ----------------------------------------------------------------------
[debug] 
[debug] [2017-12-18T04:07:29.589Z] > command requires scopes: ["email","openid","https://www.googleapis.com/auth/cloudplatformprojects.readonly","https://www.googleapis.com/auth/firebase","https://www.googleapis.com/auth/cloud-platform"]
[debug] [2017-12-18T04:07:29.589Z] > authorizing via signed-in user
[debug] [2017-12-18T04:07:29.591Z] > refreshing access token with scopes: ["email","https://www.googleapis.com/auth/cloud-platform","https://www.googleapis.com/auth/cloudplatformprojects.readonly","https://www.googleapis.com/auth/firebase","openid"]
[debug] [2017-12-18T04:07:29.591Z] >>> HTTP REQUEST POST https://www.googleapis.com/oauth2/v3/token  
 { refresh_token: '1/Vz3MwJm5NyYfWD1yvF4Wk-LGkhQ_dQ0WF-OInG46Abc',
  client_id: '563584335869-fgrhgmd47bqnekij5i8b5pr03ho849e6.apps.googleusercontent.com',
  client_secret: 'j9iVZfS8kkCEFUPaAeJV0sAi',
  grant_type: 'refresh_token',
  scope: 'email https://www.googleapis.com/auth/cloud-platform https://www.googleapis.com/auth/cloudplatformprojects.readonly https://www.googleapis.com/auth/firebase openid' } 
 Mon Dec 18 2017 15:07:29 GMT+1100 (+11)
[debug] [2017-12-18T04:07:30.013Z] <<< HTTP RESPONSE 200
[debug] [2017-12-18T04:07:30.015Z] >>> HTTP REQUEST GET https://admin.firebase.com/v1/projects/bitfinex-portfolio  
  
 Mon Dec 18 2017 15:07:30 GMT+1100 (+11)
[debug] [2017-12-18T04:07:31.326Z] <<< HTTP RESPONSE 200
[debug] [2017-12-18T04:07:31.327Z] >>> HTTP REQUEST GET https://admin.firebase.com/v1/database/bitfinex-portfolio/tokens  
  
 Mon Dec 18 2017 15:07:31 GMT+1100 (+11)
[debug] [2017-12-18T04:07:32.467Z] <<< HTTP RESPONSE 200
